# JRE version: Java(TM) SE Runtime Environment (17.0.12+8) (build 17.0.12+8-LTS-286)
# Java VM: Java HotSpot(TM) 64-Bit Server VM (17.0.12+8-LTS-286, mixed mode, sharing, tiered, compressed oops, compressed class ptrs, g1 gc, windows-amd64)
GC Precious Log:
 CPUs: 12 total, 12 available
 Memory: 7860M
 Large Page Support: Disabled
 NUMA Support: Disabled
 Compressed Oops: Enabled (32-bit)
 Heap Region Size: 1M
 Heap Min Capacity: 8M
 Heap Initial Capacity: 124M
 Heap Max Capacity: 1966M
 Pre-touch: Disabled
 Parallel Workers: 10
 Concurrent Workers: 3
 Concurrent Refinement Workers: 10
 Periodic GC: Disabled
Heap:
 garbage-first heap   total 79872K, used 48290K [0x0000000085200000, 0x0000000100000000)
  region size 1024K, 17 young (17408K), 3 survivors (3072K)
 Metaspace       used 80578K, committed 81344K, reserved 1179648K
  class space    used 10406K, committed 10816K, reserved 1048576K
GC Heap History (20 events):
Event: 818.296 GC heap before
{Heap before GC invocations=35 (full 4):
 garbage-first heap   total 79872K, used 59688K [0x0000000085200000, 0x0000000100000000)
  region size 1024K, 32 young (32768K), 4 survivors (4096K)
 Metaspace       used 78059K, committed 78848K, reserved 1179648K
  class space    used 10238K, committed 10624K, reserved 1048576K
}
Event: 818.304 GC heap after
{Heap after GC invocations=36 (full 4):
 garbage-first heap   total 79872K, used 34439K [0x0000000085200000, 0x0000000100000000)
  region size 1024K, 3 young (3072K), 3 survivors (3072K)
 Metaspace       used 78059K, committed 78848K, reserved 1179648K
  class space    used 10238K, committed 10624K, reserved 1048576K
}
Event: 820.514 GC heap before
{Heap before GC invocations=36 (full 4):
 garbage-first heap   total 79872K, used 48775K [0x0000000085200000, 0x0000000100000000)
  region size 1024K, 18 young (18432K), 3 survivors (3072K)
 Metaspace       used 78187K, committed 78912K, reserved 1179648K
  class space    used 10244K, committed 10624K, reserved 1048576K
}
Event: 820.708 GC heap after
{Heap after GC invocations=37 (full 5):
 garbage-first heap   total 79872K, used 28512K [0x0000000085200000, 0x0000000100000000)
  region size 1024K, 0 young (0K), 0 survivors (0K)
 Metaspace       used 78184K, committed 78912K, reserved 1179648K
  class space    used 10244K, committed 10624K, reserved 1048576K
}
Event: 824.292 GC heap before
{Heap before GC invocations=37 (full 5):
 garbage-first heap   total 79872K, used 60256K [0x0000000085200000, 0x0000000100000000)
  region size 1024K, 32 young (32768K), 0 survivors (0K)
 Metaspace       used 78421K, committed 79168K, reserved 1179648K
  class space    used 10271K, committed 10688K, reserved 1048576K
}
Event: 824.307 GC heap after
{Heap after GC invocations=38 (full 5):
 garbage-first heap   total 79872K, used 31823K [0x0000000085200000, 0x0000000100000000)
  region size 1024K, 4 young (4096K), 4 survivors (4096K)
 Metaspace       used 78421K, committed 79168K, reserved 1179648K
  class space    used 10271K, committed 10688K, reserved 1048576K
}
Event: 826.733 GC heap before
{Heap before GC invocations=38 (full 5):
 garbage-first heap   total 79872K, used 61519K [0x0000000085200000, 0x0000000100000000)
  region size 1024K, 33 young (33792K), 4 survivors (4096K)
 Metaspace       used 78954K, committed 79744K, reserved 1179648K
  class space    used 10296K, committed 10688K, reserved 1048576K
}
Event: 826.749 GC heap after
{Heap after GC invocations=39 (full 5):
 garbage-first heap   total 79872K, used 34246K [0x0000000085200000, 0x0000000100000000)
  region size 1024K, 3 young (3072K), 3 survivors (3072K)
 Metaspace       used 78954K, committed 79744K, reserved 1179648K
  class space    used 10296K, committed 10688K, reserved 1048576K
}
Event: 958.646 GC heap before
{Heap before GC invocations=39 (full 5):
 garbage-first heap   total 79872K, used 52678K [0x0000000085200000, 0x0000000100000000)
  region size 1024K, 22 young (22528K), 3 survivors (3072K)
 Metaspace       used 79119K, committed 79872K, reserved 1179648K
  class space    used 10300K, committed 10688K, reserved 1048576K
}
Event: 959.539 GC heap after
{Heap after GC invocations=40 (full 6):
 garbage-first heap   total 79872K, used 29553K [0x0000000085200000, 0x0000000100000000)
  region size 1024K, 0 young (0K), 0 survivors (0K)
 Metaspace       used 79116K, committed 79872K, reserved 1179648K
  class space    used 10300K, committed 10688K, reserved 1048576K
}
Event: 962.730 GC heap before
{Heap before GC invocations=40 (full 6):
 garbage-first heap   total 79872K, used 60273K [0x0000000085200000, 0x0000000100000000)
  region size 1024K, 31 young (31744K), 0 survivors (0K)
 Metaspace       used 79292K, committed 80064K, reserved 1179648K
  class space    used 10321K, committed 10688K, reserved 1048576K
}
Event: 962.740 GC heap after
{Heap after GC invocations=41 (full 6):
 garbage-first heap   total 79872K, used 32875K [0x0000000085200000, 0x0000000100000000)
  region size 1024K, 4 young (4096K), 4 survivors (4096K)
 Metaspace       used 79292K, committed 80064K, reserved 1179648K
  class space    used 10321K, committed 10688K, reserved 1048576K
}
Event: 964.796 GC heap before
{Heap before GC invocations=41 (full 6):
 garbage-first heap   total 79872K, used 60523K [0x0000000085200000, 0x0000000100000000)
  region size 1024K, 32 young (32768K), 4 survivors (4096K)
 Metaspace       used 79679K, committed 80448K, reserved 1179648K
  class space    used 10341K, committed 10752K, reserved 1048576K
}
Event: 964.808 GC heap after
{Heap after GC invocations=42 (full 6):
 garbage-first heap   total 79872K, used 35096K [0x0000000085200000, 0x0000000100000000)
  region size 1024K, 3 young (3072K), 3 survivors (3072K)
 Metaspace       used 79679K, committed 80448K, reserved 1179648K
  class space    used 10341K, committed 10752K, reserved 1048576K
}
Event: 967.057 GC heap before
{Heap before GC invocations=42 (full 6):
 garbage-first heap   total 79872K, used 50456K [0x0000000085200000, 0x0000000100000000)
  region size 1024K, 19 young (19456K), 3 survivors (3072K)
 Metaspace       used 79834K, committed 80640K, reserved 1179648K
  class space    used 10346K, committed 10752K, reserved 1048576K
}
Event: 967.160 GC heap after
{Heap after GC invocations=43 (full 7):
 garbage-first heap   total 79872K, used 29215K [0x0000000085200000, 0x0000000100000000)
  region size 1024K, 0 young (0K), 0 survivors (0K)
 Metaspace       used 79831K, committed 80640K, reserved 1179648K
  class space    used 10346K, committed 10752K, reserved 1048576K
}
Event: 968.061 GC heap before
{Heap before GC invocations=43 (full 7):
 garbage-first heap   total 79872K, used 60959K [0x0000000085200000, 0x0000000100000000)
  region size 1024K, 32 young (32768K), 0 survivors (0K)
 Metaspace       used 80056K, committed 80832K, reserved 1179648K
  class space    used 10375K, committed 10752K, reserved 1048576K
}
Event: 968.071 GC heap after
{Heap after GC invocations=44 (full 7):
 garbage-first heap   total 79872K, used 32698K [0x0000000085200000, 0x0000000100000000)
  region size 1024K, 4 young (4096K), 4 survivors (4096K)
 Metaspace       used 80056K, committed 80832K, reserved 1179648K
  class space    used 10375K, committed 10752K, reserved 1048576K
}
Event: 968.846 GC heap before
{Heap before GC invocations=44 (full 7):
 garbage-first heap   total 79872K, used 62394K [0x0000000085200000, 0x0000000100000000)
  region size 1024K, 33 young (33792K), 4 survivors (4096K)
 Metaspace       used 80494K, committed 81280K, reserved 1179648K
  class space    used 10402K, committed 10816K, reserved 1048576K
}
Event: 968.858 GC heap after
{Heap after GC invocations=45 (full 7):
 garbage-first heap   total 79872K, used 34978K [0x0000000085200000, 0x0000000100000000)
  region size 1024K, 3 young (3072K), 3 survivors (3072K)
 Metaspace       used 80494K, committed 81280K, reserved 1179648K
  class space    used 10402K, committed 10816K, reserved 1048576K
}

